[debug] [2022-04-18T15:31:05.307Z] ----------------------------------------------------------------------
[debug] [2022-04-18T15:31:05.310Z] Command:       C:\Program Files\nodejs\node.exe C:\Users\HP\AppData\Roaming\npm\node_modules\firebase-tools\lib\bin\firebase.js deploy
[debug] [2022-04-18T15:31:05.311Z] CLI Version:   10.6.0
[debug] [2022-04-18T15:31:05.311Z] Platform:      win32
[debug] [2022-04-18T15:31:05.311Z] Node Version:  v16.13.1
[debug] [2022-04-18T15:31:05.312Z] Time:          Mon Apr 18 2022 21:31:05 GMT+0600 (Bangladesh Standard Time)
[debug] [2022-04-18T15:31:05.313Z] ----------------------------------------------------------------------
[debug] 
[debug] [2022-04-18T15:31:05.403Z] > command requires scopes: ["email","openid","https://www.googleapis.com/auth/cloudplatformprojects.readonly","https://www.googleapis.com/auth/firebase","https://www.googleapis.com/auth/cloud-platform"]
[debug] [2022-04-18T15:31:05.404Z] > authorizing via signed-in user (mdjasimf@gmail.com)
[debug] [2022-04-18T15:31:05.404Z] [iam] checking project my-10th-assignment for permissions ["firebase.projects.get","firebasehosting.sites.update"]
[debug] [2022-04-18T15:31:05.407Z] >>> [apiv2][query] POST https://cloudresourcemanager.googleapis.com/v1/projects/my-10th-assignment:testIamPermissions [none]
[debug] [2022-04-18T15:31:05.408Z] >>> [apiv2][body] POST https://cloudresourcemanager.googleapis.com/v1/projects/my-10th-assignment:testIamPermissions {"permissions":["firebase.projects.get","firebasehosting.sites.update"]}
[debug] [2022-04-18T15:31:06.678Z] <<< [apiv2][status] POST https://cloudresourcemanager.googleapis.com/v1/projects/my-10th-assignment:testIamPermissions 200
[debug] [2022-04-18T15:31:06.678Z] <<< [apiv2][body] POST https://cloudresourcemanager.googleapis.com/v1/projects/my-10th-assignment:testIamPermissions {"permissions":["firebase.projects.get","firebasehosting.sites.update"]}
[debug] [2022-04-18T15:31:06.681Z] >>> [apiv2][query] GET https://firebase.googleapis.com/v1beta1/projects/my-10th-assignment [none]
[debug] [2022-04-18T15:31:07.320Z] <<< [apiv2][status] GET https://firebase.googleapis.com/v1beta1/projects/my-10th-assignment 200
[debug] [2022-04-18T15:31:07.320Z] <<< [apiv2][body] GET https://firebase.googleapis.com/v1beta1/projects/my-10th-assignment {"projectId":"my-10th-assignment","projectNumber":"622304490368","displayName":"my-10th-assignment","name":"projects/my-10th-assignment","resources":{"hostingSite":"my-10th-assignment"},"state":"ACTIVE"}
[info] 
[info] === Deploying to 'my-10th-assignment'...
[info] 
[info] i  deploying hosting 
[debug] [2022-04-18T15:31:07.330Z] >>> [apiv2][query] GET https://firebase.googleapis.com/v1beta1/projects/my-10th-assignment [none]
[debug] [2022-04-18T15:31:07.817Z] <<< [apiv2][status] GET https://firebase.googleapis.com/v1beta1/projects/my-10th-assignment 200
[debug] [2022-04-18T15:31:07.818Z] <<< [apiv2][body] GET https://firebase.googleapis.com/v1beta1/projects/my-10th-assignment {"projectId":"my-10th-assignment","projectNumber":"622304490368","displayName":"my-10th-assignment","name":"projects/my-10th-assignment","resources":{"hostingSite":"my-10th-assignment"},"state":"ACTIVE"}
[debug] [2022-04-18T15:31:07.835Z] >>> [apiv2][query] POST https://firebasehosting.googleapis.com/v1beta1/projects/622304490368/sites/my-10th-assignment/versions [none]
[debug] [2022-04-18T15:31:07.836Z] >>> [apiv2][body] POST https://firebasehosting.googleapis.com/v1beta1/projects/622304490368/sites/my-10th-assignment/versions {"config":{"rewrites":[{"glob":"**","path":"/index.html"}]},"labels":{"deployment-tool":"cli-firebase"}}
[debug] [2022-04-18T15:31:09.933Z] <<< [apiv2][status] POST https://firebasehosting.googleapis.com/v1beta1/projects/622304490368/sites/my-10th-assignment/versions 200
[debug] [2022-04-18T15:31:09.934Z] <<< [apiv2][body] POST https://firebasehosting.googleapis.com/v1beta1/projects/622304490368/sites/my-10th-assignment/versions {"name":"projects/622304490368/sites/my-10th-assignment/versions/709177b78a2516de","status":"CREATED","config":{"rewrites":[{"glob":"**","path":"/index.html"}]},"labels":{"deployment-tool":"cli-firebase"}}
[info] i  hosting[my-10th-assignment]: beginning deploy... 
[info] i  hosting[my-10th-assignment]: found 21 files in build 
[debug] [2022-04-18T15:31:09.949Z] [hosting] uploading with 200 concurrency
[debug] [2022-04-18T15:31:09.951Z] [hosting] hash cache [YnVpbGQ] not populated
[debug] [2022-04-18T15:31:10.268Z] [hosting] hash cache [YnVpbGQ] stored for 21 files
[debug] [2022-04-18T15:31:10.268Z] [hosting][hash queue][FINAL] {"max":308,"min":31,"avg":69.95238095238095,"active":0,"complete":21,"success":21,"errored":0,"retried":0,"total":21,"elapsed":317}
[debug] [2022-04-18T15:31:10.269Z] >>> [apiv2][query] POST https://firebasehosting.googleapis.com/v1beta1/projects/622304490368/sites/my-10th-assignment/versions/709177b78a2516de:populateFiles [none]
[debug] [2022-04-18T15:31:10.269Z] >>> [apiv2][body] POST https://firebasehosting.googleapis.com/v1beta1/projects/622304490368/sites/my-10th-assignment/versions/709177b78a2516de:populateFiles {"files":{"/asset-manifest.json":"bd861f9603d5b305827497df9b4bffd75a7188acd7aad70d8f8d80fa4a1b2814","/index.html":"987273a0adc87d3dadd7dc89a5755576290a51b1d056a962d9064ff194c0a4fe","/manifest.json":"aff3449bdc238776f5d6d967f19ec491b36aed5fb7f23ccff6500736fd58494a","/robots.txt":"bfe106a3fb878dc83461c86818bf74fc1bdc7f28538ba613cd3e775516ce8b49","/favicon.ico":"eae62e993eb980ec8a25058c39d5a51feab118bd2100c4deebb2a9c158ec11f9","/static/js/787.0bbac5c2.chunk.js":"411f94e36a337ebff8e7779e502e2be5cc1fc61c21036796943c5de24dfb79b8","/static/js/787.0bbac5c2.chunk.js.map":"5cc966aed7de301f2750ef1ff89bed20feb78d760056b75da008d9f959a46506","/static/js/main.da687bd3.js.LICENSE.txt":"980850d0c97fc4da1718320dcc140b4bafb239b14275f3a5d9640098e064ab8a","/logo192.png":"3ee59515172ee198f3be375979df15ac5345183e656720a381b8872b2a39dc8b","/static/media/gym trainer2.f3964c59bc8254fa1a16.webp":"b966f61a4d8c81ec58e7049e3ba481eebd747c4665d148a05111e0c0fa9bac3f","/logo512.png":"ee7e2f3fdb8209c4b6fd7bef6ba50d1b9dba30a25bb5c3126df057e1cb6f5331","/static/media/gym trainer.792e2b09a238c322e05a.webp":"f913270e4379675bb920e0c026e1b06c18a331128100757a7bd6cc12d37f4da1","/static/css/main.952f26da.css":"02858f6d481c3cf2b44446da76ee2d415e6779660a9dc6ecb02397488ccf59d8","/static/media/gym.16947876921a1bc879d0.webp":"fdeb73db6ab03e229cf670299aabeadbb024acbb94d886ef73b1ccac5ea4fbc7","/static/media/successphotos1.2251e1da705659950710.png":"f6f256ceb0a872950390831b456517d74730d4df870a522e47c39e40f8520347","/servicesData.json":"0a14e63e02af35188ce20f3b1eb29167a42f4bb5690069d8efd88f0538f68cb0","/static/media/gym trainer3.7be56fcfc437733feffa.webp":"b460ffd76d0c38b03c0ae422a1f7fb138925e913e7adca2cdc16c5be69f75f95","/static/js/main.da687bd3.js":"83cf2e0080a91f7f0418fe8526be6a62c5b697bdbb1a84f2db9fe31a80f8b46e","/static/css/main.952f26da.css.map":"f6277830dfe376988e2d36a0a7bcc05b17b76e26d4502209fdafd545a993bc73","/static/media/jasim.a18f80ac0314dac019cd.jpg":"03f075c5d9029f760ea2bcc6c0451e3275f51e4f58251a04ef3105567d3cc59e","/static/js/main.da687bd3.js.map":"0df8190baba16b970103cdf7e9761c3b0ca215de2440925daffd4c100c12886b"}}
[debug] [2022-04-18T15:31:11.780Z] <<< [apiv2][status] POST https://firebasehosting.googleapis.com/v1beta1/projects/622304490368/sites/my-10th-assignment/versions/709177b78a2516de:populateFiles 200
[debug] [2022-04-18T15:31:11.781Z] <<< [apiv2][body] POST https://firebasehosting.googleapis.com/v1beta1/projects/622304490368/sites/my-10th-assignment/versions/709177b78a2516de:populateFiles {"uploadRequiredHashes":["3ee59515172ee198f3be375979df15ac5345183e656720a381b8872b2a39dc8b","fdeb73db6ab03e229cf670299aabeadbb024acbb94d886ef73b1ccac5ea4fbc7","411f94e36a337ebff8e7779e502e2be5cc1fc61c21036796943c5de24dfb79b8","ee7e2f3fdb8209c4b6fd7bef6ba50d1b9dba30a25bb5c3126df057e1cb6f5331","03f075c5d9029f760ea2bcc6c0451e3275f51e4f58251a04ef3105567d3cc59e","bd861f9603d5b305827497df9b4bffd75a7188acd7aad70d8f8d80fa4a1b2814","0df8190baba16b970103cdf7e9761c3b0ca215de2440925daffd4c100c12886b","b460ffd76d0c38b03c0ae422a1f7fb138925e913e7adca2cdc16c5be69f75f95","02858f6d481c3cf2b44446da76ee2d415e6779660a9dc6ecb02397488ccf59d8","f913270e4379675bb920e0c026e1b06c18a331128100757a7bd6cc12d37f4da1","b966f61a4d8c81ec58e7049e3ba481eebd747c4665d148a05111e0c0fa9bac3f","0a14e63e02af35188ce20f3b1eb29167a42f4bb5690069d8efd88f0538f68cb0","5cc966aed7de301f2750ef1ff89bed20feb78d760056b75da008d9f959a46506","83cf2e0080a91f7f0418fe8526be6a62c5b697bdbb1a84f2db9fe31a80f8b46e","987273a0adc87d3dadd7dc89a5755576290a51b1d056a962d9064ff194c0a4fe","f6f256ceb0a872950390831b456517d74730d4df870a522e47c39e40f8520347","aff3449bdc238776f5d6d967f19ec491b36aed5fb7f23ccff6500736fd58494a","bfe106a3fb878dc83461c86818bf74fc1bdc7f28538ba613cd3e775516ce8b49","eae62e993eb980ec8a25058c39d5a51feab118bd2100c4deebb2a9c158ec11f9","980850d0c97fc4da1718320dcc140b4bafb239b14275f3a5d9640098e064ab8a","f6277830dfe376988e2d36a0a7bcc05b17b76e26d4502209fdafd545a993bc73"],"uploadUrl":"https://upload-firebasehosting.googleapis.com/upload/sites/my-10th-assignment/versions/709177b78a2516de/files"}
[debug] [2022-04-18T15:31:11.786Z] >>> [apiv2][query] POST https://upload-firebasehosting.googleapis.com/upload/sites/my-10th-assignment/versions/709177b78a2516de/files/3ee59515172ee198f3be375979df15ac5345183e656720a381b8872b2a39dc8b [none]
[debug] [2022-04-18T15:31:11.787Z] >>> [apiv2][body] POST https://upload-firebasehosting.googleapis.com/upload/sites/my-10th-assignment/versions/709177b78a2516de/files/3ee59515172ee198f3be375979df15ac5345183e656720a381b8872b2a39dc8b [stream]
[debug] [2022-04-18T15:31:11.788Z] >>> [apiv2][query] POST https://upload-firebasehosting.googleapis.com/upload/sites/my-10th-assignment/versions/709177b78a2516de/files/fdeb73db6ab03e229cf670299aabeadbb024acbb94d886ef73b1ccac5ea4fbc7 [none]
[debug] [2022-04-18T15:31:11.788Z] >>> [apiv2][body] POST https://upload-firebasehosting.googleapis.com/upload/sites/my-10th-assignment/versions/709177b78a2516de/files/fdeb73db6ab03e229cf670299aabeadbb024acbb94d886ef73b1ccac5ea4fbc7 [stream]
[debug] [2022-04-18T15:31:11.790Z] >>> [apiv2][query] POST https://upload-firebasehosting.googleapis.com/upload/sites/my-10th-assignment/versions/709177b78a2516de/files/411f94e36a337ebff8e7779e502e2be5cc1fc61c21036796943c5de24dfb79b8 [none]
[debug] [2022-04-18T15:31:11.790Z] >>> [apiv2][body] POST https://upload-firebasehosting.googleapis.com/upload/sites/my-10th-assignment/versions/709177b78a2516de/files/411f94e36a337ebff8e7779e502e2be5cc1fc61c21036796943c5de24dfb79b8 [stream]
[debug] [2022-04-18T15:31:11.792Z] >>> [apiv2][query] POST https://upload-firebasehosting.googleapis.com/upload/sites/my-10th-assignment/versions/709177b78a2516de/files/ee7e2f3fdb8209c4b6fd7bef6ba50d1b9dba30a25bb5c3126df057e1cb6f5331 [none]
[debug] [2022-04-18T15:31:11.792Z] >>> [apiv2][body] POST https://upload-firebasehosting.googleapis.com/upload/sites/my-10th-assignment/versions/709177b78a2516de/files/ee7e2f3fdb8209c4b6fd7bef6ba50d1b9dba30a25bb5c3126df057e1cb6f5331 [stream]
[debug] [2022-04-18T15:31:11.795Z] >>> [apiv2][query] POST https://upload-firebasehosting.googleapis.com/upload/sites/my-10th-assignment/versions/709177b78a2516de/files/03f075c5d9029f760ea2bcc6c0451e3275f51e4f58251a04ef3105567d3cc59e [none]
[debug] [2022-04-18T15:31:11.795Z] >>> [apiv2][body] POST https://upload-firebasehosting.googleapis.com/upload/sites/my-10th-assignment/versions/709177b78a2516de/files/03f075c5d9029f760ea2bcc6c0451e3275f51e4f58251a04ef3105567d3cc59e [stream]
[debug] [2022-04-18T15:31:11.797Z] >>> [apiv2][query] POST https://upload-firebasehosting.googleapis.com/upload/sites/my-10th-assignment/versions/709177b78a2516de/files/bd861f9603d5b305827497df9b4bffd75a7188acd7aad70d8f8d80fa4a1b2814 [none]
[debug] [2022-04-18T15:31:11.797Z] >>> [apiv2][body] POST https://upload-firebasehosting.googleapis.com/upload/sites/my-10th-assignment/versions/709177b78a2516de/files/bd861f9603d5b305827497df9b4bffd75a7188acd7aad70d8f8d80fa4a1b2814 [stream]
[debug] [2022-04-18T15:31:11.799Z] >>> [apiv2][query] POST https://upload-firebasehosting.googleapis.com/upload/sites/my-10th-assignment/versions/709177b78a2516de/files/0df8190baba16b970103cdf7e9761c3b0ca215de2440925daffd4c100c12886b [none]
[debug] [2022-04-18T15:31:11.800Z] >>> [apiv2][body] POST https://upload-firebasehosting.googleapis.com/upload/sites/my-10th-assignment/versions/709177b78a2516de/files/0df8190baba16b970103cdf7e9761c3b0ca215de2440925daffd4c100c12886b [stream]
[debug] [2022-04-18T15:31:11.801Z] >>> [apiv2][query] POST https://upload-firebasehosting.googleapis.com/upload/sites/my-10th-assignment/versions/709177b78a2516de/files/b460ffd76d0c38b03c0ae422a1f7fb138925e913e7adca2cdc16c5be69f75f95 [none]
[debug] [2022-04-18T15:31:11.801Z] >>> [apiv2][body] POST https://upload-firebasehosting.googleapis.com/upload/sites/my-10th-assignment/versions/709177b78a2516de/files/b460ffd76d0c38b03c0ae422a1f7fb138925e913e7adca2cdc16c5be69f75f95 [stream]
[debug] [2022-04-18T15:31:11.803Z] >>> [apiv2][query] POST https://upload-firebasehosting.googleapis.com/upload/sites/my-10th-assignment/versions/709177b78a2516de/files/02858f6d481c3cf2b44446da76ee2d415e6779660a9dc6ecb02397488ccf59d8 [none]
[debug] [2022-04-18T15:31:11.803Z] >>> [apiv2][body] POST https://upload-firebasehosting.googleapis.com/upload/sites/my-10th-assignment/versions/709177b78a2516de/files/02858f6d481c3cf2b44446da76ee2d415e6779660a9dc6ecb02397488ccf59d8 [stream]
[debug] [2022-04-18T15:31:11.804Z] >>> [apiv2][query] POST https://upload-firebasehosting.googleapis.com/upload/sites/my-10th-assignment/versions/709177b78a2516de/files/f913270e4379675bb920e0c026e1b06c18a331128100757a7bd6cc12d37f4da1 [none]
[debug] [2022-04-18T15:31:11.804Z] >>> [apiv2][body] POST https://upload-firebasehosting.googleapis.com/upload/sites/my-10th-assignment/versions/709177b78a2516de/files/f913270e4379675bb920e0c026e1b06c18a331128100757a7bd6cc12d37f4da1 [stream]
[debug] [2022-04-18T15:31:11.806Z] >>> [apiv2][query] POST https://upload-firebasehosting.googleapis.com/upload/sites/my-10th-assignment/versions/709177b78a2516de/files/b966f61a4d8c81ec58e7049e3ba481eebd747c4665d148a05111e0c0fa9bac3f [none]
[debug] [2022-04-18T15:31:11.806Z] >>> [apiv2][body] POST https://upload-firebasehosting.googleapis.com/upload/sites/my-10th-assignment/versions/709177b78a2516de/files/b966f61a4d8c81ec58e7049e3ba481eebd747c4665d148a05111e0c0fa9bac3f [stream]
[debug] [2022-04-18T15:31:11.808Z] >>> [apiv2][query] POST https://upload-firebasehosting.googleapis.com/upload/sites/my-10th-assignment/versions/709177b78a2516de/files/0a14e63e02af35188ce20f3b1eb29167a42f4bb5690069d8efd88f0538f68cb0 [none]
[debug] [2022-04-18T15:31:11.809Z] >>> [apiv2][body] POST https://upload-firebasehosting.googleapis.com/upload/sites/my-10th-assignment/versions/709177b78a2516de/files/0a14e63e02af35188ce20f3b1eb29167a42f4bb5690069d8efd88f0538f68cb0 [stream]
[debug] [2022-04-18T15:31:11.814Z] >>> [apiv2][query] POST https://upload-firebasehosting.googleapis.com/upload/sites/my-10th-assignment/versions/709177b78a2516de/files/5cc966aed7de301f2750ef1ff89bed20feb78d760056b75da008d9f959a46506 [none]
[debug] [2022-04-18T15:31:11.814Z] >>> [apiv2][body] POST https://upload-firebasehosting.googleapis.com/upload/sites/my-10th-assignment/versions/709177b78a2516de/files/5cc966aed7de301f2750ef1ff89bed20feb78d760056b75da008d9f959a46506 [stream]
[debug] [2022-04-18T15:31:11.816Z] >>> [apiv2][query] POST https://upload-firebasehosting.googleapis.com/upload/sites/my-10th-assignment/versions/709177b78a2516de/files/83cf2e0080a91f7f0418fe8526be6a62c5b697bdbb1a84f2db9fe31a80f8b46e [none]
[debug] [2022-04-18T15:31:11.816Z] >>> [apiv2][body] POST https://upload-firebasehosting.googleapis.com/upload/sites/my-10th-assignment/versions/709177b78a2516de/files/83cf2e0080a91f7f0418fe8526be6a62c5b697bdbb1a84f2db9fe31a80f8b46e [stream]
[debug] [2022-04-18T15:31:11.817Z] >>> [apiv2][query] POST https://upload-firebasehosting.googleapis.com/upload/sites/my-10th-assignment/versions/709177b78a2516de/files/987273a0adc87d3dadd7dc89a5755576290a51b1d056a962d9064ff194c0a4fe [none]
[debug] [2022-04-18T15:31:11.817Z] >>> [apiv2][body] POST https://upload-firebasehosting.googleapis.com/upload/sites/my-10th-assignment/versions/709177b78a2516de/files/987273a0adc87d3dadd7dc89a5755576290a51b1d056a962d9064ff194c0a4fe [stream]
[debug] [2022-04-18T15:31:11.819Z] >>> [apiv2][query] POST https://upload-firebasehosting.googleapis.com/upload/sites/my-10th-assignment/versions/709177b78a2516de/files/f6f256ceb0a872950390831b456517d74730d4df870a522e47c39e40f8520347 [none]
[debug] [2022-04-18T15:31:11.819Z] >>> [apiv2][body] POST https://upload-firebasehosting.googleapis.com/upload/sites/my-10th-assignment/versions/709177b78a2516de/files/f6f256ceb0a872950390831b456517d74730d4df870a522e47c39e40f8520347 [stream]
[debug] [2022-04-18T15:31:11.821Z] >>> [apiv2][query] POST https://upload-firebasehosting.googleapis.com/upload/sites/my-10th-assignment/versions/709177b78a2516de/files/aff3449bdc238776f5d6d967f19ec491b36aed5fb7f23ccff6500736fd58494a [none]
[debug] [2022-04-18T15:31:11.821Z] >>> [apiv2][body] POST https://upload-firebasehosting.googleapis.com/upload/sites/my-10th-assignment/versions/709177b78a2516de/files/aff3449bdc238776f5d6d967f19ec491b36aed5fb7f23ccff6500736fd58494a [stream]
[debug] [2022-04-18T15:31:11.823Z] >>> [apiv2][query] POST https://upload-firebasehosting.googleapis.com/upload/sites/my-10th-assignment/versions/709177b78a2516de/files/bfe106a3fb878dc83461c86818bf74fc1bdc7f28538ba613cd3e775516ce8b49 [none]
[debug] [2022-04-18T15:31:11.823Z] >>> [apiv2][body] POST https://upload-firebasehosting.googleapis.com/upload/sites/my-10th-assignment/versions/709177b78a2516de/files/bfe106a3fb878dc83461c86818bf74fc1bdc7f28538ba613cd3e775516ce8b49 [stream]
[debug] [2022-04-18T15:31:11.825Z] >>> [apiv2][query] POST https://upload-firebasehosting.googleapis.com/upload/sites/my-10th-assignment/versions/709177b78a2516de/files/eae62e993eb980ec8a25058c39d5a51feab118bd2100c4deebb2a9c158ec11f9 [none]
[debug] [2022-04-18T15:31:11.826Z] >>> [apiv2][body] POST https://upload-firebasehosting.googleapis.com/upload/sites/my-10th-assignment/versions/709177b78a2516de/files/eae62e993eb980ec8a25058c39d5a51feab118bd2100c4deebb2a9c158ec11f9 [stream]
[debug] [2022-04-18T15:31:11.827Z] >>> [apiv2][query] POST https://upload-firebasehosting.googleapis.com/upload/sites/my-10th-assignment/versions/709177b78a2516de/files/980850d0c97fc4da1718320dcc140b4bafb239b14275f3a5d9640098e064ab8a [none]
[debug] [2022-04-18T15:31:11.827Z] >>> [apiv2][body] POST https://upload-firebasehosting.googleapis.com/upload/sites/my-10th-assignment/versions/709177b78a2516de/files/980850d0c97fc4da1718320dcc140b4bafb239b14275f3a5d9640098e064ab8a [stream]
[debug] [2022-04-18T15:31:11.829Z] >>> [apiv2][query] POST https://upload-firebasehosting.googleapis.com/upload/sites/my-10th-assignment/versions/709177b78a2516de/files/f6277830dfe376988e2d36a0a7bcc05b17b76e26d4502209fdafd545a993bc73 [none]
[debug] [2022-04-18T15:31:11.830Z] >>> [apiv2][body] POST https://upload-firebasehosting.googleapis.com/upload/sites/my-10th-assignment/versions/709177b78a2516de/files/f6277830dfe376988e2d36a0a7bcc05b17b76e26d4502209fdafd545a993bc73 [stream]
[debug] [2022-04-18T15:31:11.831Z] [hosting][populate queue][FINAL] {"max":1520,"min":1520,"avg":1520,"active":0,"complete":1,"success":1,"errored":0,"retried":0,"total":1,"elapsed":1565}
[debug] [2022-04-18T15:31:11.832Z] [hosting] uploads queued: 21
[debug] [2022-04-18T15:31:13.553Z] <<< [apiv2][status] POST https://upload-firebasehosting.googleapis.com/upload/sites/my-10th-assignment/versions/709177b78a2516de/files/eae62e993eb980ec8a25058c39d5a51feab118bd2100c4deebb2a9c158ec11f9 200
[debug] [2022-04-18T15:31:13.553Z] <<< [apiv2][body] POST https://upload-firebasehosting.googleapis.com/upload/sites/my-10th-assignment/versions/709177b78a2516de/files/eae62e993eb980ec8a25058c39d5a51feab118bd2100c4deebb2a9c158ec11f9 [stream]
[debug] [2022-04-18T15:31:13.672Z] <<< [apiv2][status] POST https://upload-firebasehosting.googleapis.com/upload/sites/my-10th-assignment/versions/709177b78a2516de/files/411f94e36a337ebff8e7779e502e2be5cc1fc61c21036796943c5de24dfb79b8 200
[debug] [2022-04-18T15:31:13.672Z] <<< [apiv2][body] POST https://upload-firebasehosting.googleapis.com/upload/sites/my-10th-assignment/versions/709177b78a2516de/files/411f94e36a337ebff8e7779e502e2be5cc1fc61c21036796943c5de24dfb79b8 [stream]
[debug] [2022-04-18T15:31:13.721Z] <<< [apiv2][status] POST https://upload-firebasehosting.googleapis.com/upload/sites/my-10th-assignment/versions/709177b78a2516de/files/980850d0c97fc4da1718320dcc140b4bafb239b14275f3a5d9640098e064ab8a 200
[debug] [2022-04-18T15:31:13.722Z] <<< [apiv2][body] POST https://upload-firebasehosting.googleapis.com/upload/sites/my-10th-assignment/versions/709177b78a2516de/files/980850d0c97fc4da1718320dcc140b4bafb239b14275f3a5d9640098e064ab8a [stream]
[debug] [2022-04-18T15:31:14.024Z] <<< [apiv2][status] POST https://upload-firebasehosting.googleapis.com/upload/sites/my-10th-assignment/versions/709177b78a2516de/files/3ee59515172ee198f3be375979df15ac5345183e656720a381b8872b2a39dc8b 200
[debug] [2022-04-18T15:31:14.025Z] <<< [apiv2][body] POST https://upload-firebasehosting.googleapis.com/upload/sites/my-10th-assignment/versions/709177b78a2516de/files/3ee59515172ee198f3be375979df15ac5345183e656720a381b8872b2a39dc8b [stream]
[debug] [2022-04-18T15:31:14.037Z] <<< [apiv2][status] POST https://upload-firebasehosting.googleapis.com/upload/sites/my-10th-assignment/versions/709177b78a2516de/files/987273a0adc87d3dadd7dc89a5755576290a51b1d056a962d9064ff194c0a4fe 200
[debug] [2022-04-18T15:31:14.038Z] <<< [apiv2][body] POST https://upload-firebasehosting.googleapis.com/upload/sites/my-10th-assignment/versions/709177b78a2516de/files/987273a0adc87d3dadd7dc89a5755576290a51b1d056a962d9064ff194c0a4fe [stream]
[debug] [2022-04-18T15:31:14.104Z] <<< [apiv2][status] POST https://upload-firebasehosting.googleapis.com/upload/sites/my-10th-assignment/versions/709177b78a2516de/files/aff3449bdc238776f5d6d967f19ec491b36aed5fb7f23ccff6500736fd58494a 200
[debug] [2022-04-18T15:31:14.105Z] <<< [apiv2][body] POST https://upload-firebasehosting.googleapis.com/upload/sites/my-10th-assignment/versions/709177b78a2516de/files/aff3449bdc238776f5d6d967f19ec491b36aed5fb7f23ccff6500736fd58494a [stream]
[debug] [2022-04-18T15:31:14.483Z] <<< [apiv2][status] POST https://upload-firebasehosting.googleapis.com/upload/sites/my-10th-assignment/versions/709177b78a2516de/files/b966f61a4d8c81ec58e7049e3ba481eebd747c4665d148a05111e0c0fa9bac3f 200
[debug] [2022-04-18T15:31:14.483Z] <<< [apiv2][body] POST https://upload-firebasehosting.googleapis.com/upload/sites/my-10th-assignment/versions/709177b78a2516de/files/b966f61a4d8c81ec58e7049e3ba481eebd747c4665d148a05111e0c0fa9bac3f [stream]
[debug] [2022-04-18T15:31:14.639Z] <<< [apiv2][status] POST https://upload-firebasehosting.googleapis.com/upload/sites/my-10th-assignment/versions/709177b78a2516de/files/02858f6d481c3cf2b44446da76ee2d415e6779660a9dc6ecb02397488ccf59d8 200
[debug] [2022-04-18T15:31:14.639Z] <<< [apiv2][body] POST https://upload-firebasehosting.googleapis.com/upload/sites/my-10th-assignment/versions/709177b78a2516de/files/02858f6d481c3cf2b44446da76ee2d415e6779660a9dc6ecb02397488ccf59d8 [stream]
[debug] [2022-04-18T15:31:14.723Z] <<< [apiv2][status] POST https://upload-firebasehosting.googleapis.com/upload/sites/my-10th-assignment/versions/709177b78a2516de/files/fdeb73db6ab03e229cf670299aabeadbb024acbb94d886ef73b1ccac5ea4fbc7 200
[debug] [2022-04-18T15:31:14.724Z] <<< [apiv2][body] POST https://upload-firebasehosting.googleapis.com/upload/sites/my-10th-assignment/versions/709177b78a2516de/files/fdeb73db6ab03e229cf670299aabeadbb024acbb94d886ef73b1ccac5ea4fbc7 [stream]
[debug] [2022-04-18T15:31:14.741Z] <<< [apiv2][status] POST https://upload-firebasehosting.googleapis.com/upload/sites/my-10th-assignment/versions/709177b78a2516de/files/ee7e2f3fdb8209c4b6fd7bef6ba50d1b9dba30a25bb5c3126df057e1cb6f5331 200
[debug] [2022-04-18T15:31:14.741Z] <<< [apiv2][body] POST https://upload-firebasehosting.googleapis.com/upload/sites/my-10th-assignment/versions/709177b78a2516de/files/ee7e2f3fdb8209c4b6fd7bef6ba50d1b9dba30a25bb5c3126df057e1cb6f5331 [stream]
[debug] [2022-04-18T15:31:14.945Z] <<< [apiv2][status] POST https://upload-firebasehosting.googleapis.com/upload/sites/my-10th-assignment/versions/709177b78a2516de/files/f6277830dfe376988e2d36a0a7bcc05b17b76e26d4502209fdafd545a993bc73 200
[debug] [2022-04-18T15:31:14.945Z] <<< [apiv2][body] POST https://upload-firebasehosting.googleapis.com/upload/sites/my-10th-assignment/versions/709177b78a2516de/files/f6277830dfe376988e2d36a0a7bcc05b17b76e26d4502209fdafd545a993bc73 [stream]
[debug] [2022-04-18T15:31:14.955Z] <<< [apiv2][status] POST https://upload-firebasehosting.googleapis.com/upload/sites/my-10th-assignment/versions/709177b78a2516de/files/bfe106a3fb878dc83461c86818bf74fc1bdc7f28538ba613cd3e775516ce8b49 200
[debug] [2022-04-18T15:31:14.956Z] <<< [apiv2][body] POST https://upload-firebasehosting.googleapis.com/upload/sites/my-10th-assignment/versions/709177b78a2516de/files/bfe106a3fb878dc83461c86818bf74fc1bdc7f28538ba613cd3e775516ce8b49 [stream]
[debug] [2022-04-18T15:31:14.964Z] <<< [apiv2][status] POST https://upload-firebasehosting.googleapis.com/upload/sites/my-10th-assignment/versions/709177b78a2516de/files/0a14e63e02af35188ce20f3b1eb29167a42f4bb5690069d8efd88f0538f68cb0 200
[debug] [2022-04-18T15:31:14.965Z] <<< [apiv2][body] POST https://upload-firebasehosting.googleapis.com/upload/sites/my-10th-assignment/versions/709177b78a2516de/files/0a14e63e02af35188ce20f3b1eb29167a42f4bb5690069d8efd88f0538f68cb0 [stream]
[debug] [2022-04-18T15:31:15.032Z] <<< [apiv2][status] POST https://upload-firebasehosting.googleapis.com/upload/sites/my-10th-assignment/versions/709177b78a2516de/files/bd861f9603d5b305827497df9b4bffd75a7188acd7aad70d8f8d80fa4a1b2814 200
[debug] [2022-04-18T15:31:15.032Z] <<< [apiv2][body] POST https://upload-firebasehosting.googleapis.com/upload/sites/my-10th-assignment/versions/709177b78a2516de/files/bd861f9603d5b305827497df9b4bffd75a7188acd7aad70d8f8d80fa4a1b2814 [stream]
[debug] [2022-04-18T15:31:15.096Z] <<< [apiv2][status] POST https://upload-firebasehosting.googleapis.com/upload/sites/my-10th-assignment/versions/709177b78a2516de/files/5cc966aed7de301f2750ef1ff89bed20feb78d760056b75da008d9f959a46506 200
[debug] [2022-04-18T15:31:15.096Z] <<< [apiv2][body] POST https://upload-firebasehosting.googleapis.com/upload/sites/my-10th-assignment/versions/709177b78a2516de/files/5cc966aed7de301f2750ef1ff89bed20feb78d760056b75da008d9f959a46506 [stream]
[debug] [2022-04-18T15:31:15.264Z] <<< [apiv2][status] POST https://upload-firebasehosting.googleapis.com/upload/sites/my-10th-assignment/versions/709177b78a2516de/files/f913270e4379675bb920e0c026e1b06c18a331128100757a7bd6cc12d37f4da1 200
[debug] [2022-04-18T15:31:15.264Z] <<< [apiv2][body] POST https://upload-firebasehosting.googleapis.com/upload/sites/my-10th-assignment/versions/709177b78a2516de/files/f913270e4379675bb920e0c026e1b06c18a331128100757a7bd6cc12d37f4da1 [stream]
[debug] [2022-04-18T15:31:15.535Z] <<< [apiv2][status] POST https://upload-firebasehosting.googleapis.com/upload/sites/my-10th-assignment/versions/709177b78a2516de/files/f6f256ceb0a872950390831b456517d74730d4df870a522e47c39e40f8520347 200
[debug] [2022-04-18T15:31:15.536Z] <<< [apiv2][body] POST https://upload-firebasehosting.googleapis.com/upload/sites/my-10th-assignment/versions/709177b78a2516de/files/f6f256ceb0a872950390831b456517d74730d4df870a522e47c39e40f8520347 [stream]
[debug] [2022-04-18T15:31:15.854Z] <<< [apiv2][status] POST https://upload-firebasehosting.googleapis.com/upload/sites/my-10th-assignment/versions/709177b78a2516de/files/83cf2e0080a91f7f0418fe8526be6a62c5b697bdbb1a84f2db9fe31a80f8b46e 200
[debug] [2022-04-18T15:31:15.854Z] <<< [apiv2][body] POST https://upload-firebasehosting.googleapis.com/upload/sites/my-10th-assignment/versions/709177b78a2516de/files/83cf2e0080a91f7f0418fe8526be6a62c5b697bdbb1a84f2db9fe31a80f8b46e [stream]
[debug] [2022-04-18T15:31:16.035Z] <<< [apiv2][status] POST https://upload-firebasehosting.googleapis.com/upload/sites/my-10th-assignment/versions/709177b78a2516de/files/b460ffd76d0c38b03c0ae422a1f7fb138925e913e7adca2cdc16c5be69f75f95 200
[debug] [2022-04-18T15:31:16.035Z] <<< [apiv2][body] POST https://upload-firebasehosting.googleapis.com/upload/sites/my-10th-assignment/versions/709177b78a2516de/files/b460ffd76d0c38b03c0ae422a1f7fb138925e913e7adca2cdc16c5be69f75f95 [stream]
[debug] [2022-04-18T15:31:17.253Z] <<< [apiv2][status] POST https://upload-firebasehosting.googleapis.com/upload/sites/my-10th-assignment/versions/709177b78a2516de/files/0df8190baba16b970103cdf7e9761c3b0ca215de2440925daffd4c100c12886b 200
[debug] [2022-04-18T15:31:17.254Z] <<< [apiv2][body] POST https://upload-firebasehosting.googleapis.com/upload/sites/my-10th-assignment/versions/709177b78a2516de/files/0df8190baba16b970103cdf7e9761c3b0ca215de2440925daffd4c100c12886b [stream]
[debug] [2022-04-18T15:31:18.691Z] <<< [apiv2][status] POST https://upload-firebasehosting.googleapis.com/upload/sites/my-10th-assignment/versions/709177b78a2516de/files/03f075c5d9029f760ea2bcc6c0451e3275f51e4f58251a04ef3105567d3cc59e 200
[debug] [2022-04-18T15:31:18.691Z] <<< [apiv2][body] POST https://upload-firebasehosting.googleapis.com/upload/sites/my-10th-assignment/versions/709177b78a2516de/files/03f075c5d9029f760ea2bcc6c0451e3275f51e4f58251a04ef3105567d3cc59e [stream]
[debug] [2022-04-18T15:31:18.692Z] [hosting][upload queue][FINAL] {"max":6909,"min":1767,"avg":3231.904761904762,"active":0,"complete":21,"success":21,"errored":0,"retried":0,"total":21,"elapsed":6911}
[info] +  hosting[my-10th-assignment]: file upload complete 
[debug] [2022-04-18T15:31:18.694Z] [hosting] deploy completed after 8759ms
[debug] [2022-04-18T15:31:18.704Z] [
  {
    "config": {
      "public": "build",
      "ignore": [
        "firebase.json",
        "**/.*",
        "**/node_modules/**"
      ],
      "rewrites": [
        {
          "source": "**",
          "destination": "/index.html"
        }
      ],
      "site": "my-10th-assignment"
    },
    "site": "my-10th-assignment",
    "version": "projects/622304490368/sites/my-10th-assignment/versions/709177b78a2516de"
  }
]
[info] i  hosting[my-10th-assignment]: finalizing version... 
[debug] [2022-04-18T15:31:18.709Z] >>> [apiv2][query] PATCH https://firebasehosting.googleapis.com/v1beta1/projects/622304490368/sites/my-10th-assignment/versions/709177b78a2516de updateMask=status
[debug] [2022-04-18T15:31:18.709Z] >>> [apiv2][body] PATCH https://firebasehosting.googleapis.com/v1beta1/projects/622304490368/sites/my-10th-assignment/versions/709177b78a2516de {"status":"FINALIZED"}
[debug] [2022-04-18T15:31:20.221Z] <<< [apiv2][status] PATCH https://firebasehosting.googleapis.com/v1beta1/projects/622304490368/sites/my-10th-assignment/versions/709177b78a2516de 200
[debug] [2022-04-18T15:31:20.221Z] <<< [apiv2][body] PATCH https://firebasehosting.googleapis.com/v1beta1/projects/622304490368/sites/my-10th-assignment/versions/709177b78a2516de {"name":"projects/622304490368/sites/my-10th-assignment/versions/709177b78a2516de","status":"FINALIZED","config":{"rewrites":[{"glob":"**","path":"/index.html"}]},"labels":{"deployment-tool":"cli-firebase"},"createTime":"2022-04-18T15:31:10.481053Z","createUser":{"email":"mdjasimf@gmail.com"},"finalizeTime":"2022-04-18T15:31:21.340656Z","finalizeUser":{"email":"mdjasimf@gmail.com"}}
[debug] [2022-04-18T15:31:20.221Z] [hosting] finalized version for my-10th-assignment:[object Object]
[info] +  hosting[my-10th-assignment]: version finalized 
[info] i  hosting[my-10th-assignment]: releasing new version... 
[debug] [2022-04-18T15:31:20.224Z] >>> [apiv2][query] POST https://firebasehosting.googleapis.com/v1beta1/projects/622304490368/sites/my-10th-assignment/releases versionName=projects%2F622304490368%2Fsites%2Fmy-10th-assignment%2Fversions%2F709177b78a2516de
[debug] [2022-04-18T15:31:20.225Z] >>> [apiv2][body] POST https://firebasehosting.googleapis.com/v1beta1/projects/622304490368/sites/my-10th-assignment/releases {"message":null}
[debug] [2022-04-18T15:31:21.842Z] <<< [apiv2][status] POST https://firebasehosting.googleapis.com/v1beta1/projects/622304490368/sites/my-10th-assignment/releases 200
[debug] [2022-04-18T15:31:21.842Z] <<< [apiv2][body] POST https://firebasehosting.googleapis.com/v1beta1/projects/622304490368/sites/my-10th-assignment/releases {"name":"projects/622304490368/sites/my-10th-assignment/releases/1650295882276330","version":{"name":"projects/622304490368/sites/my-10th-assignment/versions/709177b78a2516de","status":"FINALIZED","config":{"rewrites":[{"glob":"**","path":"/index.html"}]},"labels":{"deployment-tool":"cli-firebase"},"createTime":"2022-04-18T15:31:10.481053Z","createUser":{"email":"mdjasimf@gmail.com","imageUrl":"https://lh3.googleusercontent.com/a-/AOh14GiFrNaNbhu5rIvIYZBpHMPUDscixwYoYk_gEGfVgA"},"finalizeTime":"2022-04-18T15:31:21.340656Z","finalizeUser":{"email":"mdjasimf@gmail.com","imageUrl":"https://lh3.googleusercontent.com/a-/AOh14GiFrNaNbhu5rIvIYZBpHMPUDscixwYoYk_gEGfVgA"}},"type":"DEPLOY","releaseTime":"2022-04-18T15:31:22.276330279Z","releaseUser":{"email":"mdjasimf@gmail.com","imageUrl":"https://lh3.googleusercontent.com/a-/AOh14GiFrNaNbhu5rIvIYZBpHMPUDscixwYoYk_gEGfVgA"}}
[debug] [2022-04-18T15:31:21.842Z] [hosting] release: {"name":"projects/622304490368/sites/my-10th-assignment/releases/1650295882276330","version":{"name":"projects/622304490368/sites/my-10th-assignment/versions/709177b78a2516de","status":"FINALIZED","config":{"rewrites":[{"glob":"**","path":"/index.html"}]},"labels":{"deployment-tool":"cli-firebase"},"createTime":"2022-04-18T15:31:10.481053Z","createUser":{"email":"mdjasimf@gmail.com","imageUrl":"https://lh3.googleusercontent.com/a-/AOh14GiFrNaNbhu5rIvIYZBpHMPUDscixwYoYk_gEGfVgA"},"finalizeTime":"2022-04-18T15:31:21.340656Z","finalizeUser":{"email":"mdjasimf@gmail.com","imageUrl":"https://lh3.googleusercontent.com/a-/AOh14GiFrNaNbhu5rIvIYZBpHMPUDscixwYoYk_gEGfVgA"}},"type":"DEPLOY","releaseTime":"2022-04-18T15:31:22.276330279Z","releaseUser":{"email":"mdjasimf@gmail.com","imageUrl":"https://lh3.googleusercontent.com/a-/AOh14GiFrNaNbhu5rIvIYZBpHMPUDscixwYoYk_gEGfVgA"}}
[info] +  hosting[my-10th-assignment]: release complete 
[info] 
[info] +  Deploy complete! 
[info] 
[info] Project Console: https://console.firebase.google.com/project/my-10th-assignment/overview
[info] Hosting URL: https://my-10th-assignment.web.app
